Using pre-set license
Built from '2020.3/release' branch; Version is '2020.3.1f1 (77a89f25062f) revision 7841951'; Using compiler version '192528614'; Build Type 'Release'
OS: 'Windows 10 Pro Education; OS build 19045.2486; Version 2009; 64bit' Language: 'es' Physical Memory: 16296 MB
BatchMode: 1, IsHumanControllingUs: 0, StartBugReporterOnCrash: 0, Is64bit: 1, IsPro: 0

 COMMAND LINE ARGUMENTS:
C:\Program Files\Unity\Hub\Editor\2020.3.1f1\Editor\Unity.exe
-adb2
-batchMode
-noUpm
-name
AssetImportWorker0
-projectPath
C:/Users/ani/Desktop/MartinRuben_PR03/Zombieland
-logFile
Logs/AssetImportWorker0.log
-srvPort
65055
Successfully changed project path to: C:/Users/ani/Desktop/MartinRuben_PR03/Zombieland
C:/Users/ani/Desktop/MartinRuben_PR03/Zombieland
Using Asset Import Pipeline V2.
Refreshing native plugins compatible for Editor in 46.15 ms, found 0 plugins.
Preloading 0 native plugins for Editor in 0.00 ms.
Initialize engine version: 2020.3.1f1 (77a89f25062f)
[Subsystems] Discovering subsystems at path C:/Program Files/Unity/Hub/Editor/2020.3.1f1/Editor/Data/Resources/UnitySubsystems
[Subsystems] Discovering subsystems at path C:/Users/ani/Desktop/MartinRuben_PR03/Zombieland/Assets
GfxDevice: creating device client; threaded=0
Direct3D:
    Version:  Direct3D 11.0 [level 11.1]
    Renderer: NVIDIA GeForce GTX 1660 SUPER (ID=0x21c4)
    Vendor:   
    VRAM:     5992 MB
    Driver:   31.0.15.1694
Shader 'Universal Render Pipeline/Particles/Lit': fallback shader 'Universal Render Pipeline/Particles/SimpleLit' not found
Initialize mono
Mono path[0] = 'C:/Program Files/Unity/Hub/Editor/2020.3.1f1/Editor/Data/Managed'
Mono path[1] = 'C:/Program Files/Unity/Hub/Editor/2020.3.1f1/Editor/Data/MonoBleedingEdge/lib/mono/unityjit'
Mono config path = 'C:/Program Files/Unity/Hub/Editor/2020.3.1f1/Editor/Data/MonoBleedingEdge/etc'
Using monoOptions --debugger-agent=transport=dt_socket,embedding=1,server=y,suspend=n,address=127.0.0.1:56640
Begin MonoManager ReloadAssembly
Registering precompiled unity dll's ...
Register platform support module: C:/Program Files/Unity/Hub/Editor/2020.3.1f1/Editor/Data/PlaybackEngines/WindowsStandaloneSupport/UnityEditor.WindowsStandalone.Extensions.dll
Registered in 0.001531 seconds.
Native extension for WindowsStandalone target not found
Refreshing native plugins compatible for Editor in 52.60 ms, found 0 plugins.
Preloading 0 native plugins for Editor in 0.00 ms.
Invoked RoslynAnalysisRunner static constructor.
RoslynAnalysisRunner will not be running.
RoslynAnalysisRunner has terminated.
Mono: successfully reloaded assembly
- Completed reload, in  1.590 seconds
Platform modules already initialized, skipping
Registering precompiled user dll's ...
Registered in 0.001522 seconds.
Begin MonoManager ReloadAssembly
Native extension for WindowsStandalone target not found
Refreshing native plugins compatible for Editor in 55.60 ms, found 0 plugins.
Preloading 0 native plugins for Editor in 0.00 ms.
Invoked RoslynAnalysisRunner static constructor.
RoslynAnalysisRunner will not be running.
RoslynAnalysisRunner has terminated.
Mono: successfully reloaded assembly
- Completed reload, in  1.216 seconds
Platform modules already initialized, skipping
========================================================================
Worker process is ready to serve import requests
Shader 'Universal Render Pipeline/Particles/Lit': fallback shader 'Universal Render Pipeline/Particles/SimpleLit' not found
Launched and connected shader compiler UnityShaderCompiler.exe after 0.03 seconds
Refreshing native plugins compatible for Editor in 0.49 ms, found 0 plugins.
Preloading 0 native plugins for Editor in 0.00 ms.
Unloading 2899 Unused Serialized files (Serialized files now loaded: 0)
System memory in use before: 173.2 MB.
System memory in use after: 173.3 MB.

Unloading 24 unused Assets to reduce memory usage. Loaded Objects now: 3370.
Total: 2.510700 ms (FindLiveObjects: 0.325600 ms CreateObjectMapping: 0.131200 ms MarkObjects: 1.938300 ms  DeleteObjects: 0.114400 ms)

========================================================================
Received Import Request.
  path: Assets/materiales/Terreno/Trees/BroadLeaf/Broadleaf_Desktop_Field_Billboard_Color.png
  artifactKey: Guid(36991fa44c74e85479b49e89c30663c8) Importer(815301076,1909f56bfc062723c751e8b465ee728b)
Start importing Assets/materiales/Terreno/Trees/BroadLeaf/Broadleaf_Desktop_Field_Billboard_Color.png using Guid(36991fa44c74e85479b49e89c30663c8) Importer(815301076,1909f56bfc062723c751e8b465ee728b)  -> (artifact id: '3d2c99747b467672cb7429e567afe03e') in 0.088386 seconds
  Import took 0.092816 seconds .

========================================================================
Received Import Request.
  Time since last request: 0.000137 seconds.
  path: Assets/NewLayer 4.terrainlayer
  artifactKey: Guid(fcac8901d6f426b408215a2eda401633) Importer(815301076,1909f56bfc062723c751e8b465ee728b)
Start importing Assets/NewLayer 4.terrainlayer using Guid(fcac8901d6f426b408215a2eda401633) Importer(815301076,1909f56bfc062723c751e8b465ee728b)  -> (artifact id: 'cc16cea2f98d8dabd3b0481368b61e2f') in 0.039990 seconds
  Import took 0.044353 seconds .

========================================================================
Received Import Request.
  Time since last request: 14.612298 seconds.
  path: Assets/NewLayer 5.terrainlayer
  artifactKey: Guid(d3595c4ed487ffd4fa4ddf7bb6d89d9a) Importer(815301076,1909f56bfc062723c751e8b465ee728b)
Start importing Assets/NewLayer 5.terrainlayer using Guid(d3595c4ed487ffd4fa4ddf7bb6d89d9a) Importer(815301076,1909f56bfc062723c751e8b465ee728b)  -> (artifact id: '31e5b62e06d105dd4b7040bcbf56a677') in 0.015905 seconds
  Import took 0.020435 seconds .

========================================================================
Received Import Request.
  Time since last request: 20.736341 seconds.
  path: Assets/materiales/Terreno/Trees/Bush/Bush_Desktop_Billboard_Color.png
  artifactKey: Guid(8b74231e4a447a643beedd040575be06) Importer(815301076,1909f56bfc062723c751e8b465ee728b)
Start importing Assets/materiales/Terreno/Trees/Bush/Bush_Desktop_Billboard_Color.png using Guid(8b74231e4a447a643beedd040575be06) Importer(815301076,1909f56bfc062723c751e8b465ee728b)  -> (artifact id: 'b65e8d185b2d0f2616584ac29e380e6c') in 0.030929 seconds
  Import took 0.035169 seconds .

========================================================================
Received Import Request.
  Time since last request: 0.000216 seconds.
  path: Assets/NewLayer 6.terrainlayer
  artifactKey: Guid(ddb96f85ec8636647bc1b99dec6b9cb2) Importer(815301076,1909f56bfc062723c751e8b465ee728b)
Start importing Assets/NewLayer 6.terrainlayer using Guid(ddb96f85ec8636647bc1b99dec6b9cb2) Importer(815301076,1909f56bfc062723c751e8b465ee728b)  -> (artifact id: '4b9d1534b7c76f4d87ee12727afa8aff') in 0.012424 seconds
  Import took 0.016346 seconds .

========================================================================
Received Import Request.
  Time since last request: 0.000184 seconds.
  path: Assets/materiales/Terreno/Trees/Bush/Bush_Desktop_Billboard_Color.png
  artifactKey: Guid(8b74231e4a447a643beedd040575be06) Importer(815301076,1909f56bfc062723c751e8b465ee728b)
Start importing Assets/materiales/Terreno/Trees/Bush/Bush_Desktop_Billboard_Color.png using Guid(8b74231e4a447a643beedd040575be06) Importer(815301076,1909f56bfc062723c751e8b465ee728b)  -> (artifact id: 'b65e8d185b2d0f2616584ac29e380e6c') in 0.010326 seconds
  Import took 0.014312 seconds .

========================================================================
Received Import Request.
  Time since last request: 490.894452 seconds.
  path: Assets/materiales/Terreno/Grass/GrassFrond02AlbedoAlpha.psd
  artifactKey: Guid(e0d93840c6fe21d48b28057ba77f8462) Importer(815301076,1909f56bfc062723c751e8b465ee728b)
Start importing Assets/materiales/Terreno/Grass/GrassFrond02AlbedoAlpha.psd using Guid(e0d93840c6fe21d48b28057ba77f8462) Importer(815301076,1909f56bfc062723c751e8b465ee728b)  -> (artifact id: '5c24e2d43aa27b64e4ac1dc0651b38d9') in 0.023248 seconds
  Import took 0.028226 seconds .

========================================================================
Received Import Request.
  Time since last request: 0.000131 seconds.
  path: Assets/NewLayer 7.terrainlayer
  artifactKey: Guid(a15121b5e324f5446a5c69f0a09d7a1a) Importer(815301076,1909f56bfc062723c751e8b465ee728b)
Start importing Assets/NewLayer 7.terrainlayer using Guid(a15121b5e324f5446a5c69f0a09d7a1a) Importer(815301076,1909f56bfc062723c751e8b465ee728b)  -> (artifact id: 'c49198ad4586cdfbdee90d6f8026c348') in 0.017067 seconds
  Import took 0.021123 seconds .

========================================================================
Received Import Request.
  Time since last request: 0.000172 seconds.
  path: Assets/materiales/Terreno/Grass/GrassFrond02AlbedoAlpha.psd
  artifactKey: Guid(e0d93840c6fe21d48b28057ba77f8462) Importer(815301076,1909f56bfc062723c751e8b465ee728b)
Start importing Assets/materiales/Terreno/Grass/GrassFrond02AlbedoAlpha.psd using Guid(e0d93840c6fe21d48b28057ba77f8462) Importer(815301076,1909f56bfc062723c751e8b465ee728b)  -> (artifact id: '5c24e2d43aa27b64e4ac1dc0651b38d9') in 0.010582 seconds
  Import took 0.014508 seconds .

========================================================================
Received Import Request.
  Time since last request: 203.489799 seconds.
  path: Assets/Scenes
  artifactKey: Guid(1c34a4303f7097c4d9080f54003b6858) Importer(815301076,1909f56bfc062723c751e8b465ee728b)
Start importing Assets/Scenes using Guid(1c34a4303f7097c4d9080f54003b6858) Importer(815301076,1909f56bfc062723c751e8b465ee728b)  -> (artifact id: '42c9e0f834aeb79eac6d1d9a7024d3cc') in 0.005974 seconds
  Import took 0.010396 seconds .

========================================================================
Received Import Request.
  Time since last request: 0.000601 seconds.
  path: Assets/Scenes
  artifactKey: Guid(1c34a4303f7097c4d9080f54003b6858) Importer(815301076,1909f56bfc062723c751e8b465ee728b)
Start importing Assets/Scenes using Guid(1c34a4303f7097c4d9080f54003b6858) Importer(815301076,1909f56bfc062723c751e8b465ee728b)  -> (artifact id: '42c9e0f834aeb79eac6d1d9a7024d3cc') in 0.001716 seconds
  Import took 0.005676 seconds .

========================================================================
Received Import Request.
  Time since last request: 0.412079 seconds.
  path: Assets/materiales
  artifactKey: Guid(3312285b7724cff45b2317002e2fb92a) Importer(815301076,1909f56bfc062723c751e8b465ee728b)
Start importing Assets/materiales using Guid(3312285b7724cff45b2317002e2fb92a) Importer(815301076,1909f56bfc062723c751e8b465ee728b)  -> (artifact id: 'dcf20075200f268c7e508ec500315786') in 0.006399 seconds
  Import took 0.010820 seconds .

========================================================================
Received Import Request.
  Time since last request: 1.650441 seconds.
  path: Assets/materiales/Personajes
  artifactKey: Guid(8197077c9ea098243a4a053f69a6d8d4) Importer(815301076,1909f56bfc062723c751e8b465ee728b)
Start importing Assets/materiales/Personajes using Guid(8197077c9ea098243a4a053f69a6d8d4) Importer(815301076,1909f56bfc062723c751e8b465ee728b)  -> (artifact id: '2e3248b931d4eef8a696d77f19e7c431') in 0.006841 seconds
  Import took 0.011245 seconds .

========================================================================
Received Import Request.
  Time since last request: 212.672129 seconds.
  path: Assets/materiales/Personajes/Personajes
  artifactKey: Guid(1babebc9959b5084d82d14f75a2448a1) Importer(815301076,1909f56bfc062723c751e8b465ee728b)
Start importing Assets/materiales/Personajes/Personajes using Guid(1babebc9959b5084d82d14f75a2448a1) Importer(815301076,1909f56bfc062723c751e8b465ee728b)  -> (artifact id: '2eff02b00cd74159bee0ca623a484f81') in 0.001863 seconds
  Import took 0.007139 seconds .

========================================================================
Received Import Request.
  Time since last request: 0.000448 seconds.
  path: Assets/materiales/Personajes/Personajes
  artifactKey: Guid(1babebc9959b5084d82d14f75a2448a1) Importer(815301076,1909f56bfc062723c751e8b465ee728b)
Start importing Assets/materiales/Personajes/Personajes using Guid(1babebc9959b5084d82d14f75a2448a1) Importer(815301076,1909f56bfc062723c751e8b465ee728b)  -> (artifact id: '2eff02b00cd74159bee0ca623a484f81') in 0.001608 seconds
  Import took 0.005639 seconds .

========================================================================
Received Import Request.
  Time since last request: 0.756473 seconds.
  path: Assets/materiales/Personajes/Personajes/zomby
  artifactKey: Guid(fcef22a38deb35a44a6be797a27a1991) Importer(815301076,1909f56bfc062723c751e8b465ee728b)
Start importing Assets/materiales/Personajes/Personajes/zomby using Guid(fcef22a38deb35a44a6be797a27a1991) Importer(815301076,1909f56bfc062723c751e8b465ee728b)  -> (artifact id: '18b7c8386c6dddfe7072c1abe08bdcbf') in 0.006948 seconds
  Import took 0.011896 seconds .

========================================================================
Received Import Request.
  Time since last request: 0.667577 seconds.
  path: Assets/materiales/Personajes/Personajes/Hombre
  artifactKey: Guid(1790474ebb20e634da0e1a06d790a5f0) Importer(815301076,1909f56bfc062723c751e8b465ee728b)
Start importing Assets/materiales/Personajes/Personajes/Hombre using Guid(1790474ebb20e634da0e1a06d790a5f0) Importer(815301076,1909f56bfc062723c751e8b465ee728b)  -> (artifact id: '46faec2136b3a206aed1a329c010268b') in 0.006005 seconds
  Import took 0.010525 seconds .

========================================================================
Received Import Request.
  Time since last request: 0.481222 seconds.
  path: Assets/materiales/Personajes/Personajes/Hombre/Survivor.fbx
  artifactKey: Guid(cda617b5f7535934a875d3ec46d842b8) Importer(815301076,1909f56bfc062723c751e8b465ee728b)
Start importing Assets/materiales/Personajes/Personajes/Hombre/Survivor.fbx using Guid(cda617b5f7535934a875d3ec46d842b8) Importer(815301076,1909f56bfc062723c751e8b465ee728b)  -> (artifact id: 'b184f8cc3f07918036830aeb28d1bcd1') in 0.219441 seconds
  Import took 0.225283 seconds .

========================================================================
Received Import Request.
  Time since last request: 0.000185 seconds.
  path: Assets/materiales/Personajes/Personajes/Hombre/Animaciones
  artifactKey: Guid(5e5f76b7ba48f6f4cb6b06f98266e310) Importer(815301076,1909f56bfc062723c751e8b465ee728b)
Start importing Assets/materiales/Personajes/Personajes/Hombre/Animaciones using Guid(5e5f76b7ba48f6f4cb6b06f98266e310) Importer(815301076,1909f56bfc062723c751e8b465ee728b)  -> (artifact id: '9de4b94f473534877faa7c7793d9498e') in 0.004954 seconds
  Import took 0.009081 seconds .

========================================================================
Received Import Request.
  Time since last request: 301.603565 seconds.
  path: Assets/SurvivorController
  artifactKey: Guid(a25a7835a0c97be4c8828d030b2440f1) Importer(815301076,1909f56bfc062723c751e8b465ee728b)
Start importing Assets/SurvivorController using Guid(a25a7835a0c97be4c8828d030b2440f1) Importer(815301076,1909f56bfc062723c751e8b465ee728b)  -> (artifact id: 'e5808f296d0cfbb9c9e34488e2a65666') in 0.005476 seconds
  Import took 0.010002 seconds .

========================================================================
Received Import Request.
  Time since last request: 0.000266 seconds.
  path: Assets/SurvivorController
  artifactKey: Guid(a25a7835a0c97be4c8828d030b2440f1) Importer(815301076,1909f56bfc062723c751e8b465ee728b)
Start importing Assets/SurvivorController using Guid(a25a7835a0c97be4c8828d030b2440f1) Importer(815301076,1909f56bfc062723c751e8b465ee728b)  -> (artifact id: 'e5808f296d0cfbb9c9e34488e2a65666') in 0.001752 seconds
  Import took 0.005759 seconds .

========================================================================
Received Import Request.
  Time since last request: 30.515489 seconds.
  path: Assets/SurvivorController/Survivor.controller
  artifactKey: Guid(224e5bed6aa0ab743a0f4bd6ef4bc23b) Importer(815301076,1909f56bfc062723c751e8b465ee728b)
Start importing Assets/SurvivorController/Survivor.controller using Guid(224e5bed6aa0ab743a0f4bd6ef4bc23b) Importer(815301076,1909f56bfc062723c751e8b465ee728b)  -> (artifact id: '114a5d1d70feddc6f636efc66540f17e') in 0.005328 seconds
  Import took 0.009647 seconds .

========================================================================
Received Prepare
Registering precompiled user dll's ...
Registered in 0.001077 seconds.
Begin MonoManager ReloadAssembly
Native extension for WindowsStandalone target not found
Refreshing native plugins compatible for Editor in 0.45 ms, found 0 plugins.
Preloading 0 native plugins for Editor in 0.00 ms.
Invalid AssetDatabase path: /Editor/EditorResources/cm_logo_sm.png. Use path relative to the project folder.
UnityEngine.StackTraceUtility:ExtractStackTrace ()
UnityEditor.AssetDatabase:LoadAssetAtPath<UnityEngine.Texture2D> (string)
Cinemachine.Editor.CinemachineSettings:get_CinemachineLogoTexture () (at Library/PackageCache/com.unity.cinemachine@2.6.17/Editor/Windows/CinemachineSettings.cs:205)
Cinemachine.Editor.CinemachineSettings:.cctor () (at Library/PackageCache/com.unity.cinemachine@2.6.17/Editor/Windows/CinemachineSettings.cs:261)
Cinemachine.CinemachineColliderPrefs:.cctor () (at Library/PackageCache/com.unity.cinemachine@2.6.17/Editor/Windows/CinemachineColliderPrefs.cs:61)
System.Runtime.CompilerServices.RuntimeHelpers:RunClassConstructor (System.RuntimeTypeHandle)
UnityEditor.EditorAssemblies:ProcessInitializeOnLoadAttributes (System.Type[])

[Library/PackageCache/com.unity.cinemachine@2.6.17/Editor/Windows/CinemachineSettings.cs line 205]

Invoked RoslynAnalysisRunner static constructor.
RoslynAnalysisRunner will not be running.
RoslynAnalysisRunner has terminated.
Invalid AssetDatabase path: /Editor/EditorResources/cm_logo_sm.png. Use path relative to the project folder.
UnityEngine.StackTraceUtility:ExtractStackTrace ()
UnityEditor.AssetDatabase:LoadAssetAtPath<UnityEngine.Texture2D> (string)
Cinemachine.Editor.CinemachineSettings:get_CinemachineLogoTexture () (at Library/PackageCache/com.unity.cinemachine@2.6.17/Editor/Windows/CinemachineSettings.cs:205)
Cinemachine.Editor.CinemachineSettings:OnPackageLoadedInEditor () (at Library/PackageCache/com.unity.cinemachine@2.6.17/Editor/Windows/CinemachineSettings.cs:246)

[Library/PackageCache/com.unity.cinemachine@2.6.17/Editor/Windows/CinemachineSettings.cs line 205]

Mono: successfully reloaded assembly
- Completed reload, in  1.041 seconds
Platform modules already initialized, skipping
Shader 'Universal Render Pipeline/Particles/Lit': fallback shader 'Universal Render Pipeline/Particles/SimpleLit' not found
Refreshing native plugins compatible for Editor in 0.52 ms, found 0 plugins.
Preloading 0 native plugins for Editor in 0.00 ms.
Unloading 2899 Unused Serialized files (Serialized files now loaded: 0)
System memory in use before: 189.0 MB.
System memory in use after: 189.1 MB.

Unloading 8 unused Assets to reduce memory usage. Loaded Objects now: 3604.
Total: 2.382900 ms (FindLiveObjects: 0.296800 ms CreateObjectMapping: 0.123500 ms MarkObjects: 1.815600 ms  DeleteObjects: 0.146200 ms)

========================================================================
Received Import Request.
  Time since last request: 1968.588184 seconds.
  path: Assets/InputSystem
  artifactKey: Guid(b7278632fb1c5a948b655d999f5b440c) Importer(815301076,1909f56bfc062723c751e8b465ee728b)
Start importing Assets/InputSystem using Guid(b7278632fb1c5a948b655d999f5b440c) Importer(815301076,1909f56bfc062723c751e8b465ee728b)  -> (artifact id: '523d3ef58a86e837f8da973669694ede') in 0.010630 seconds
  Import took 0.016034 seconds .

========================================================================
Received Import Request.
  Time since last request: 19.409765 seconds.
  path: Assets/InputSystem/InputActions.inputactions
  artifactKey: Guid(df5ea7342a8c29c44b887bc5a624b8a4) Importer(815301076,1909f56bfc062723c751e8b465ee728b)
Start importing Assets/InputSystem/InputActions.inputactions using Guid(df5ea7342a8c29c44b887bc5a624b8a4) Importer(815301076,1909f56bfc062723c751e8b465ee728b)  -> (artifact id: '0cf9b261b274b64b384d74f49eff5a8e') in 0.026427 seconds
  Import took 0.030809 seconds .

========================================================================
Received Import Request.
  Time since last request: 251.056525 seconds.
  path: Assets/InputSystem/InputActions.inputactions
  artifactKey: Guid(df5ea7342a8c29c44b887bc5a624b8a4) Importer(815301076,1909f56bfc062723c751e8b465ee728b)
Start importing Assets/InputSystem/InputActions.inputactions using Guid(df5ea7342a8c29c44b887bc5a624b8a4) Importer(815301076,1909f56bfc062723c751e8b465ee728b)  -> (artifact id: 'feb083e2041acec973b9e45cec3e34da') in 0.004527 seconds
  Import took 0.009320 seconds .

========================================================================
Received Import Request.
  Time since last request: 349.189031 seconds.
  path: Assets/URP/UniversalRenderPipelineAsset.asset
  artifactKey: Guid(7c21565f1c27cc54d9b836313f9ab99e) Importer(815301076,1909f56bfc062723c751e8b465ee728b)
Start importing Assets/URP/UniversalRenderPipelineAsset.asset using Guid(7c21565f1c27cc54d9b836313f9ab99e) Importer(815301076,1909f56bfc062723c751e8b465ee728b)  -> (artifact id: 'fb4dafd30ad217d36af799514241a01f') in 0.007926 seconds
  Import took 0.013229 seconds .

========================================================================
Received Import Request.
  Time since last request: 0.000182 seconds.
  path: Assets/URP/UniversalRenderPipelineAsset_Renderer.asset
  artifactKey: Guid(235f3a9c1c46d3f4c8f5e4ea0d378708) Importer(815301076,1909f56bfc062723c751e8b465ee728b)
Start importing Assets/URP/UniversalRenderPipelineAsset_Renderer.asset using Guid(235f3a9c1c46d3f4c8f5e4ea0d378708) Importer(815301076,1909f56bfc062723c751e8b465ee728b)  -> (artifact id: 'af48d6b2bc3f0d25f4d2df3a3f98feb0') in 0.008187 seconds
  Import took 0.012552 seconds .

========================================================================
Received Import Request.
  Time since last request: 7.418594 seconds.
  path: Assets/materiales/Personajes/Personajes/zomby/Zombie1.FBX
  artifactKey: Guid(292f62a83cda975499cbabe97aef523d) Importer(815301076,1909f56bfc062723c751e8b465ee728b)
Start importing Assets/materiales/Personajes/Personajes/zomby/Zombie1.FBX using Guid(292f62a83cda975499cbabe97aef523d) Importer(815301076,1909f56bfc062723c751e8b465ee728b)  -> (artifact id: 'bc5eb544f5d9a55a068bb3613d172479') in 0.284181 seconds
  Import took 0.289257 seconds .

AssetImportWorkerClient::OnTransportError - code=2 error=End of file
