Using pre-set license
Built from '2020.3/release' branch; Version is '2020.3.1f1 (77a89f25062f) revision 7841951'; Using compiler version '192528614'; Build Type 'Release'
OS: 'Windows 10 Pro Education; OS build 19045.2486; Version 2009; 64bit' Language: 'es' Physical Memory: 16296 MB
BatchMode: 1, IsHumanControllingUs: 0, StartBugReporterOnCrash: 0, Is64bit: 1, IsPro: 0

 COMMAND LINE ARGUMENTS:
C:\Program Files\Unity\Hub\Editor\2020.3.1f1\Editor\Unity.exe
-adb2
-batchMode
-noUpm
-name
AssetImportWorker0
-projectPath
C:/Users/ani/Desktop/MartinRuben_PR03/Zombieland
-logFile
Logs/AssetImportWorker0.log
-srvPort
50294
Successfully changed project path to: C:/Users/ani/Desktop/MartinRuben_PR03/Zombieland
C:/Users/ani/Desktop/MartinRuben_PR03/Zombieland
Using Asset Import Pipeline V2.
Refreshing native plugins compatible for Editor in 47.39 ms, found 0 plugins.
Preloading 0 native plugins for Editor in 0.00 ms.
Initialize engine version: 2020.3.1f1 (77a89f25062f)
[Subsystems] Discovering subsystems at path C:/Program Files/Unity/Hub/Editor/2020.3.1f1/Editor/Data/Resources/UnitySubsystems
[Subsystems] Discovering subsystems at path C:/Users/ani/Desktop/MartinRuben_PR03/Zombieland/Assets
GfxDevice: creating device client; threaded=0
Direct3D:
    Version:  Direct3D 11.0 [level 11.1]
    Renderer: NVIDIA GeForce GTX 1660 SUPER (ID=0x21c4)
    Vendor:   
    VRAM:     5992 MB
    Driver:   31.0.15.1694
Shader 'Universal Render Pipeline/Particles/Lit': fallback shader 'Universal Render Pipeline/Particles/SimpleLit' not found
Initialize mono
Mono path[0] = 'C:/Program Files/Unity/Hub/Editor/2020.3.1f1/Editor/Data/Managed'
Mono path[1] = 'C:/Program Files/Unity/Hub/Editor/2020.3.1f1/Editor/Data/MonoBleedingEdge/lib/mono/unityjit'
Mono config path = 'C:/Program Files/Unity/Hub/Editor/2020.3.1f1/Editor/Data/MonoBleedingEdge/etc'
Using monoOptions --debugger-agent=transport=dt_socket,embedding=1,server=y,suspend=n,address=127.0.0.1:56164
Begin MonoManager ReloadAssembly
Registering precompiled unity dll's ...
Register platform support module: C:/Program Files/Unity/Hub/Editor/2020.3.1f1/Editor/Data/PlaybackEngines/WindowsStandaloneSupport/UnityEditor.WindowsStandalone.Extensions.dll
Registered in 0.002349 seconds.
Native extension for WindowsStandalone target not found
Refreshing native plugins compatible for Editor in 49.35 ms, found 0 plugins.
Preloading 0 native plugins for Editor in 0.00 ms.
Invoked RoslynAnalysisRunner static constructor.
RoslynAnalysisRunner will not be running.
RoslynAnalysisRunner has terminated.
Mono: successfully reloaded assembly
- Completed reload, in  1.548 seconds
Platform modules already initialized, skipping
Registering precompiled user dll's ...
Registered in 0.001126 seconds.
Begin MonoManager ReloadAssembly
Native extension for WindowsStandalone target not found
Refreshing native plugins compatible for Editor in 56.01 ms, found 0 plugins.
Preloading 0 native plugins for Editor in 0.00 ms.
Invoked RoslynAnalysisRunner static constructor.
RoslynAnalysisRunner will not be running.
RoslynAnalysisRunner has terminated.
Mono: successfully reloaded assembly
- Completed reload, in  1.250 seconds
Platform modules already initialized, skipping
========================================================================
Worker process is ready to serve import requests
Shader 'Universal Render Pipeline/Particles/Lit': fallback shader 'Universal Render Pipeline/Particles/SimpleLit' not found
Launched and connected shader compiler UnityShaderCompiler.exe after 0.03 seconds
Refreshing native plugins compatible for Editor in 0.49 ms, found 0 plugins.
Preloading 0 native plugins for Editor in 0.00 ms.
Unloading 3049 Unused Serialized files (Serialized files now loaded: 0)
System memory in use before: 178.8 MB.
System memory in use after: 178.9 MB.

Unloading 25 unused Assets to reduce memory usage. Loaded Objects now: 3520.
Total: 2.592700 ms (FindLiveObjects: 0.325200 ms CreateObjectMapping: 0.153000 ms MarkObjects: 1.995400 ms  DeleteObjects: 0.118100 ms)

========================================================================
Received Import Request.
  path: Assets/SurvivorController/Survivor.controller
  artifactKey: Guid(224e5bed6aa0ab743a0f4bd6ef4bc23b) Importer(815301076,1909f56bfc062723c751e8b465ee728b)
Start importing Assets/SurvivorController/Survivor.controller using Guid(224e5bed6aa0ab743a0f4bd6ef4bc23b) Importer(815301076,1909f56bfc062723c751e8b465ee728b)  -> (artifact id: 'b969113db2dc90774e483f3ded86f81c') in 0.029547 seconds
  Import took 0.033774 seconds .

========================================================================
Received Import Request.
  Time since last request: 294.052921 seconds.
  path: Assets/materiales/Personajes/Personajes/Hombre/Survivor.fbx
  artifactKey: Guid(cda617b5f7535934a875d3ec46d842b8) Importer(815301076,1909f56bfc062723c751e8b465ee728b)
Start importing Assets/materiales/Personajes/Personajes/Hombre/Survivor.fbx using Guid(cda617b5f7535934a875d3ec46d842b8) Importer(815301076,1909f56bfc062723c751e8b465ee728b)  -> (artifact id: 'ae71f4fd53d0458ae68ce16ef7bf98bd') in 0.280428 seconds
  Import took 0.285613 seconds .

========================================================================
Received Import Request.
  Time since last request: 270.403023 seconds.
  path: Assets/materiales/Terreno
  artifactKey: Guid(f24e516a0fef2454e96a3ec478e305f8) Importer(815301076,1909f56bfc062723c751e8b465ee728b)
Start importing Assets/materiales/Terreno using Guid(f24e516a0fef2454e96a3ec478e305f8) Importer(815301076,1909f56bfc062723c751e8b465ee728b)  -> (artifact id: 'e8f7b3b32da122884797706d187d3b88') in 0.004991 seconds
  Import took 0.010149 seconds .

========================================================================
Received Import Request.
  Time since last request: 335.487587 seconds.
  path: Assets/materiales/Terreno/Grass
  artifactKey: Guid(7709c7d8c0c03a049b46b5a5bcd74da6) Importer(815301076,1909f56bfc062723c751e8b465ee728b)
Start importing Assets/materiales/Terreno/Grass using Guid(7709c7d8c0c03a049b46b5a5bcd74da6) Importer(815301076,1909f56bfc062723c751e8b465ee728b)  -> (artifact id: 'd2ed0f1fdb3067bd2a660e9811c63431') in 0.005138 seconds
  Import took 0.009796 seconds .

AssetImportWorkerClient::OnTransportError - code=2 error=End of file
